<?xml version="1.0" encoding="UTF-8"?>
<testsuite name="AmazonTests" tests="1" skipped="0" failures="0" errors="0" timestamp="2021-02-22T07:58:48" hostname="ip-192-168-31-88.eu-central-1.compute.internal" time="17.568">
  <properties/>
  <testcase name="AmazonTest" classname="AmazonTests" time="17.568"/>
  <system-out><![CDATA[]]></system-out>
  <system-err><![CDATA[Starting ChromeDriver 88.0.4324.96 (68dba2d8a0b149a1d3afac56fa74648032bcf46b-refs/branch-heads/4324@{#1784}) on port 33699
Only local connections are allowed.
Please see https://chromedriver.chromium.org/security-considerations for suggestions on keeping ChromeDriver safe.
[1613980729.058][WARNING]: FromSockAddr failed on netmask
ChromeDriver was started successfully.
Feb 22, 2021 10:58:50 AM org.openqa.selenium.remote.ProtocolHandshake createSession
INFO: Detected dialect: W3C
]]></system-err>
</testsuite>
